Using pre-set license
Built from '2022.3/release' branch; Version is '2022.3.18f1 (d29bea25151d) revision 13802474'; Using compiler version '192829333'; Build Type 'Release'
OS: 'Windows 11  (10.0.22621) 64bit Professional' Language: 'en' Physical Memory: 24487 MB
BatchMode: 1, IsHumanControllingUs: 0, StartBugReporterOnCrash: 0, Is64bit: 1, IsPro: 1

COMMAND LINE ARGUMENTS:
C:\Program Files\Unity\Hub\Editor\2022.3.18f1\Editor\Unity.exe
-adb2
-batchMode
-noUpm
-name
AssetImportWorker4
-projectPath
B:/Outscal/battle-tank-game
-logFile
Logs/AssetImportWorker4.log
-srvPort
52308
Successfully changed project path to: B:/Outscal/battle-tank-game
B:/Outscal/battle-tank-game
[UnityMemory] Configuration Parameters - Can be set up in boot.config
    "memorysetup-bucket-allocator-granularity=16"
    "memorysetup-bucket-allocator-bucket-count=8"
    "memorysetup-bucket-allocator-block-size=33554432"
    "memorysetup-bucket-allocator-block-count=8"
    "memorysetup-main-allocator-block-size=16777216"
    "memorysetup-thread-allocator-block-size=16777216"
    "memorysetup-gfx-main-allocator-block-size=16777216"
    "memorysetup-gfx-thread-allocator-block-size=16777216"
    "memorysetup-cache-allocator-block-size=4194304"
    "memorysetup-typetree-allocator-block-size=2097152"
    "memorysetup-profiler-bucket-allocator-granularity=16"
    "memorysetup-profiler-bucket-allocator-bucket-count=8"
    "memorysetup-profiler-bucket-allocator-block-size=33554432"
    "memorysetup-profiler-bucket-allocator-block-count=8"
    "memorysetup-profiler-allocator-block-size=16777216"
    "memorysetup-profiler-editor-allocator-block-size=1048576"
    "memorysetup-temp-allocator-size-main=16777216"
    "memorysetup-job-temp-allocator-block-size=2097152"
    "memorysetup-job-temp-allocator-block-size-background=1048576"
    "memorysetup-job-temp-allocator-reduction-small-platforms=262144"
    "memorysetup-allocator-temp-initial-block-size-main=262144"
    "memorysetup-allocator-temp-initial-block-size-worker=262144"
    "memorysetup-temp-allocator-size-background-worker=32768"
    "memorysetup-temp-allocator-size-job-worker=262144"
    "memorysetup-temp-allocator-size-preload-manager=33554432"
    "memorysetup-temp-allocator-size-nav-mesh-worker=65536"
    "memorysetup-temp-allocator-size-audio-worker=65536"
    "memorysetup-temp-allocator-size-cloud-worker=32768"
    "memorysetup-temp-allocator-size-gi-baking-worker=262144"
    "memorysetup-temp-allocator-size-gfx=262144"
Player connection [15952] Host "[IP] 192.168.1.107 [Port] 0 [Flags] 2 [Guid] 3045864665 [EditorId] 3045864665 [Version] 1048832 [Id] WindowsEditor(7,Cosmos) [Debug] 1 [PackageName] WindowsEditor [ProjectName] Editor" joined multi-casting on [225.0.0.222:54997]...

Player connection [15952] Host "[IP] 192.168.1.107 [Port] 0 [Flags] 2 [Guid] 3045864665 [EditorId] 3045864665 [Version] 1048832 [Id] WindowsEditor(7,Cosmos) [Debug] 1 [PackageName] WindowsEditor [ProjectName] Editor" joined alternative multi-casting on [225.0.0.222:34997]...

[Physics::Module] Initialized MultithreadedJobDispatcher with 11 workers.
Refreshing native plugins compatible for Editor in 10.06 ms, found 2 plugins.
Preloading 0 native plugins for Editor in 0.00 ms.
Initialize engine version: 2022.3.18f1 (d29bea25151d)
[Subsystems] Discovering subsystems at path C:/Program Files/Unity/Hub/Editor/2022.3.18f1/Editor/Data/Resources/UnitySubsystems
[Subsystems] Discovering subsystems at path B:/Outscal/battle-tank-game/Assets
GfxDevice: creating device client; threaded=0; jobified=0
Direct3D:
    Version:  Direct3D 11.0 [level 11.1]
    Renderer: NVIDIA GeForce RTX 4070 Ti (ID=0x2782)
    Vendor:   NVIDIA
    VRAM:     11996 MB
    Driver:   31.0.15.5176
Initialize mono
Mono path[0] = 'C:/Program Files/Unity/Hub/Editor/2022.3.18f1/Editor/Data/Managed'
Mono path[1] = 'C:/Program Files/Unity/Hub/Editor/2022.3.18f1/Editor/Data/MonoBleedingEdge/lib/mono/unityjit-win32'
Mono config path = 'C:/Program Files/Unity/Hub/Editor/2022.3.18f1/Editor/Data/MonoBleedingEdge/etc'
Using monoOptions --debugger-agent=transport=dt_socket,embedding=1,server=y,suspend=n,address=127.0.0.1:56432
Begin MonoManager ReloadAssembly
Registering precompiled unity dll's ...
Register platform support module: C:/Program Files/Unity/Hub/Editor/2022.3.18f1/Editor/Data/PlaybackEngines/WebGLSupport/UnityEditor.WebGL.Extensions.dll
Register platform support module: C:/Program Files/Unity/Hub/Editor/2022.3.18f1/Editor/Data/PlaybackEngines/AndroidPlayer/UnityEditor.Android.Extensions.dll
Register platform support module: C:/Program Files/Unity/Hub/Editor/2022.3.18f1/Editor/Data/PlaybackEngines/iOSSupport/UnityEditor.iOS.Extensions.dll
Register platform support module: C:/Program Files/Unity/Hub/Editor/2022.3.18f1/Editor/Data/PlaybackEngines/WindowsStandaloneSupport/UnityEditor.WindowsStandalone.Extensions.dll
Registered in 0.009946 seconds.
- Loaded All Assemblies, in  0.364 seconds
Native extension for WindowsStandalone target not found
[usbmuxd] Start listen thread
[usbmuxd] Listen thread started
Native extension for iOS target not found
Native extension for Android target not found
Android Extension - Scanning For ADB Devices 245 ms
Native extension for WebGL target not found
Mono: successfully reloaded assembly
- Finished resetting the current domain, in  0.588 seconds
Domain Reload Profiling: 950ms
	BeginReloadAssembly (110ms)
		ExecutionOrderSort (0ms)
		DisableScriptedObjects (0ms)
		BackupInstance (0ms)
		ReleaseScriptingObjects (0ms)
		CreateAndSetChildDomain (1ms)
	RebuildCommonClasses (32ms)
	RebuildNativeTypeToScriptingClass (10ms)
	initialDomainReloadingComplete (57ms)
	LoadAllAssembliesAndSetupDomain (153ms)
		LoadAssemblies (109ms)
		RebuildTransferFunctionScriptingTraits (0ms)
		AnalyzeDomain (150ms)
			TypeCache.Refresh (149ms)
				TypeCache.ScanAssembly (134ms)
			ScanForSourceGeneratedMonoScriptInfo (0ms)
			ResolveRequiredComponents (0ms)
	FinalizeReload (588ms)
		ReleaseScriptCaches (0ms)
		RebuildScriptCaches (0ms)
		SetupLoadedEditorAssemblies (526ms)
			LogAssemblyErrors (0ms)
			InitializePlatformSupportModulesInManaged (356ms)
			SetLoadedEditorAssemblies (5ms)
			RefreshPlugins (0ms)
			BeforeProcessingInitializeOnLoad (2ms)
			ProcessInitializeOnLoadAttributes (117ms)
			ProcessInitializeOnLoadMethodAttributes (46ms)
			AfterProcessingInitializeOnLoad (0ms)
			EditorAssembliesLoaded (0ms)
		ExecutionOrderSort2 (0ms)
		AwakeInstancesAfterBackupRestoration (0ms)
========================================================================
Worker process is ready to serve import requests
Begin MonoManager ReloadAssembly
Symbol file LoadedFromMemory is not a mono symbol file
- Loaded All Assemblies, in  0.733 seconds
Refreshing native plugins compatible for Editor in 4.73 ms, found 2 plugins.
Native extension for WindowsStandalone target not found
Native extension for iOS target not found
Native extension for Android target not found
Native extension for WebGL target not found
Package Manager log level set to [2]
[Package Manager] Server::EnsureServerProcessIsRunning -- launch failed, reason: Unity was launched with the -noUpm command-line argument
[Package Manager] UpmClient::Send -- Unable to send message (not connected to UPM process).
[Package Manager] Cannot connect to Unity Package Manager local server
Mono: successfully reloaded assembly
- Finished resetting the current domain, in  0.978 seconds
Domain Reload Profiling: 1708ms
	BeginReloadAssembly (146ms)
		ExecutionOrderSort (0ms)
		DisableScriptedObjects (6ms)
		BackupInstance (0ms)
		ReleaseScriptingObjects (0ms)
		CreateAndSetChildDomain (22ms)
	RebuildCommonClasses (37ms)
	RebuildNativeTypeToScriptingClass (11ms)
	initialDomainReloadingComplete (38ms)
	LoadAllAssembliesAndSetupDomain (499ms)
		LoadAssemblies (374ms)
		RebuildTransferFunctionScriptingTraits (0ms)
		AnalyzeDomain (210ms)
			TypeCache.Refresh (165ms)
				TypeCache.ScanAssembly (145ms)
			ScanForSourceGeneratedMonoScriptInfo (33ms)
			ResolveRequiredComponents (11ms)
	FinalizeReload (978ms)
		ReleaseScriptCaches (0ms)
		RebuildScriptCaches (0ms)
		SetupLoadedEditorAssemblies (799ms)
			LogAssemblyErrors (0ms)
			InitializePlatformSupportModulesInManaged (36ms)
			SetLoadedEditorAssemblies (5ms)
			RefreshPlugins (0ms)
			BeforeProcessingInitializeOnLoad (125ms)
			ProcessInitializeOnLoadAttributes (423ms)
			ProcessInitializeOnLoadMethodAttributes (205ms)
			AfterProcessingInitializeOnLoad (5ms)
			EditorAssembliesLoaded (0ms)
		ExecutionOrderSort2 (0ms)
		AwakeInstancesAfterBackupRestoration (6ms)
Launched and connected shader compiler UnityShaderCompiler.exe after 0.04 seconds
Refreshing native plugins compatible for Editor in 4.69 ms, found 2 plugins.
Preloading 0 native plugins for Editor in 0.00 ms.
Unloading 5321 Unused Serialized files (Serialized files now loaded: 0)
Unloading 132 unused Assets / (2.4 MB). Loaded Objects now: 5750.
Memory consumption went from 239.4 MB to 237.0 MB.
Total: 7.467800 ms (FindLiveObjects: 0.382400 ms CreateObjectMapping: 0.270000 ms MarkObjects: 6.250200 ms  DeleteObjects: 0.564100 ms)

AssetImportParameters requested are different than current active one (requested -> active):
  custom:scripting/monoscript/fileName/TankProjectileDataSO.cs: 73e52bbde950c8c128c3e5a804486f6d -> 39f6a60519ffdac8194d63354ead7c3c
  custom:scripting/monoscript/fileName/UltimateActionFactory.cs: 3206c83523b229a5d4da3ec32bedb73f -> 
  custom:scripting/monoscript/fileName/AirStrike.cs: cbadeb04145f42d6fa0f4f51b6a068d9 -> 68921a497cddb09e1adb463831a0ce34
  custom:container-demuxer-ogg: 62fdf1f143b41e24485cea50d1cbac27 -> 
  custom:scripting/monoscript/fileName/UltimateActionData.cs: 1cabaeca668eb844bebbed702ebad7b5 -> 
  custom:scripting/monoscript/fileName/TankProjectilePool.cs: ca54b1ead3eece12d3651c069f723729 -> 751d02b4abc3ca600e1a250980996ff4
  custom:scripting/monoscript/fileName/AutoTargetFactorySO1.cs: 673f74519b7c1b25ca5c457c5ad5011c -> 
  custom:video-codec-MediaFoundation-h265: 746d11721c4dcdbdad8f713fa42b33f4 -> 
  custom:video-decoder-ogg-theora: a1e56fd34408186e4bbccfd4996cb3dc -> 
  custom:scripting/monoscript/fileName/AirStrikeView1.cs: a75d4ef09f963b19988e0d13d722c48b -> 
  custom:framework-win-MediaFoundation: 216162199b28c13a410421893ffa2e32 -> 
  custom:scripting/monoscript/fileName/AutoTarget.cs: efd25df89ee7621e756d374e1d46c039 -> 470ae89b2016f21a9f49640b7ce54c2d
  custom:scripting/monoscript/fileName/PlayerTankSpawner.cs: 4a1c93953ce80f368b3d658d1fef3c41 -> 
  custom:scripting/monoscript/fileName/AutoTargetFactorySO.cs: 8e07a64dcf3fbe79adcc615cd8dd43a3 -> 3bad90e6a618f49193f07db51140d9a8
  custom:scripting/monoscript/fileName/PlayerTankSpawnerAndWrapper.cs: edbfc5a803abfbbc58b639bdf5c73c14 -> 
  custom:scripting/monoscript/fileName/AirStrikeView.cs: 951d3ba3bfbb783154c496ff589a279a -> d0e3a6482c5d8304d7de8ff2a5d0accd
  custom:CustomObjectIndexerAttribute: 0f5f72dab822025b0759b197a3119d15 -> 
  custom:scripting/monoscript/fileName/InvisibilityFactorySO.cs: 4eb5a21939d6c19abf94ece932744177 -> 8f62d3120c960a6dd1683b37a6e7b7d1
  custom:container-demuxer-webm: 4f35f7cbe854078d1ac9338744f61a02 -> 
  custom:scripting/monoscript/fileName/TankProjectileModel.cs: 8b65dcc66e669654c1c4b025fb186618 -> 3dd031d22a00bde521c0afcd6c9c2145
  custom:container-muxer-webm: aa71ff27fc2769a1b78a27578f13a17b -> 
  custom:scripting/monoscript/fileName/UltimateActionDataSO.cs: fec2556288a0ea5beed4aaf46f490571 -> 
  custom:scripting/monoscript/fileName/TankProjectileView.cs: ffa902905d062801db6bb7c8d9ab73ea -> 15823f1c63551ca0de4e9ffa795bc703
  custom:video-decoder-webm-vp8: 9c59270c3fd7afecdb556c50c9e8de78 -> 
  custom:scripting/monoscript/fileName/TankChargedFiring.cs: e8d38a017e74d2f4be828dc5e4bde5e8 -> 
  custom:scripting/monoscript/fileName/InvisibilityFactory.cs: 2ffdae7ced9423c1cd9b397b36edfb8a -> 
  custom:SearchIndexIgnoredProperties: e643bd26f0fe6173181afceb89e7c659 -> 
  custom:AudioImporter_EditorPlatform: d09bf68614088b80899f8185d706f6e7 -> 
  custom:scripting/monoscript/fileName/TankProjectileController.cs: ecb0c6e764e67460722ea5eaa8b91651 -> 0274e65fd68e5bed5d6a1cc4e432d27e
  custom:scripting/monoscript/fileName/SelfShieldFactorySO.cs: d48a1767a5705e03bb054081ec0baf7e -> dca98c44a7f0f5d52074bace24f7cad6
  custom:scripting/monoscript/fileName/AirStrikeFactory1.cs: 87764005541e93992492c67f3b79c178 -> 
  custom:scripting/monoscript/fileName/UltimateActionFactorySO.cs: a55b9f62b851c746ba7d19652ca806ea -> 71f7e67e67e99dc3daceed1064b39c3c
  custom:scripting/monoscript/fileName/Invisibility.cs: d5b3b6964bdc0482cdef77d3319a48f1 -> 79e4a78b4b911def11f012a58c72fc19
  custom:scripting/monoscript/fileName/PlayerConfig.cs: 0e3f4c8192e3b6bea4de8c8e5a3e1782 -> 
  custom:video-encoder-webm-vp8: eb34c28f22e8b96e1ab97ce403110664 -> 
  custom:scripting/monoscript/fileName/IUltimateAction.cs: f94b6485a3c2354e62cc35af43a1d5de -> 381673625e40aa10336e9d8d323912c2
  custom:audio-decoder-ogg-vorbis: bf7c407c2cedff20999df2af8eb42d56 -> 
  custom:scripting/monoscript/fileName/AutoTarget1.cs: 3dea198eaaa31964fce1b132488143ea -> 
  custom:scripting/monoscript/fileName/AirStrikeFactorySO.cs: f63be6457a2cf2695bec7d9bf11ff8f2 -> 8cfb2188d0f85051abc51caf4fbe4f88
  custom:scripting/monoscript/fileName/SelfShield.cs: a1c49fefd2c7f3e0191146a4793f1e1f -> c383cbc34fa9b2d71d19a469c4d51f35
  custom:scripting/monoscript/fileName/AirStrikeFactory.cs: e90410e1643f70bdc4f20362241f70af -> 
  custom:audio-encoder-webm-vorbis: bf7c407c2cedff20999df2af8eb42d56 -> 
  custom:scripting/monoscript/fileName/AutoTargetFactory.cs: 4f5ad284a7026d7516dd9ca0bbaf6eba -> 
  custom:scripting/monoscript/fileName/SelfShieldFactorySO1.cs: 2cd5f85cd4d137bf3b8ceeafa98eadff -> 
  custom:scripting/monoscript/fileName/SelfShield1.cs: 93591e67ef8a5cf64821d3c0682a2eae -> 
========================================================================
Received Import Request.
  Time since last request: 620627.880956 seconds.
  path: Assets/Scripts/Tank/TankView.cs
  artifactKey: Guid(28b22bdc0180f3648a87ee18d0c95ff0) Importer(815301076,1909f56bfc062723c751e8b465ee728b)
Start importing Assets/Scripts/Tank/TankView.cs using Guid(28b22bdc0180f3648a87ee18d0c95ff0) Importer(815301076,1909f56bfc062723c751e8b465ee728b)  -> (artifact id: '391db2a82f8d9289b9faeb2490963f24') in 0.002078 seconds
Number of updated asset objects reloaded before import = 0
Number of asset objects unloaded after import = 0
